<?xml version="1.0" encoding="UTF-8"?>
<!-- Generated by org.testng.reporters.JUnitReportReporter -->
<testsuite hostname="LTIN192705" failures="0" tests="19" name="Test_Cases.Finding_Hospitals" time="71.707" errors="0" timestamp="2024-03-04T18:00:39 IST" skipped="0">
  <testcase classname="Test_Cases.Finding_Hospitals" name="Search_City" time="2.901"/>
  <testcase classname="Test_Cases.Finding_Hospitals" name="Search_Dentists" time="4.470"/>
  <testcase classname="Test_Cases.Finding_Hospitals" name="select_PatientStories" time="2.332"/>
  <testcase classname="Test_Cases.Finding_Hospitals" name="select_Experience" time="2.245"/>
  <testcase classname="Test_Cases.Finding_Hospitals" name="applyFilters" time="2.223"/>
  <testcase classname="Test_Cases.Finding_Hospitals" name="applyFilters_1" time="2.761"/>
  <testcase classname="Test_Cases.Finding_Hospitals" name="applyFilters_2" time="3.885"/>
  <testcase classname="Test_Cases.Finding_Hospitals" name="get_DoctorDetails" time="25.935"/>
  <testcase classname="Test_Cases.Finding_Hospitals" name="navigateToSurgeries" time="1.215"/>
  <testcase classname="Test_Cases.Finding_Hospitals" name="ScrollToSurgeries" time="0.022"/>
  <testcase classname="Test_Cases.Finding_Hospitals" name="sugeryNames" time="1.196"/>
  <testcase classname="Test_Cases.Finding_Hospitals" name="ScrollToTop" time="0.064"/>
  <testcase classname="Test_Cases.Finding_Hospitals" name="navigatioToHealth_Page" time="9.978"/>
  <testcase classname="Test_Cases.Finding_Hospitals" name="scrollToDemoBtn" time="0.176"/>
  <testcase classname="Test_Cases.Finding_Hospitals" name="verifyDemoBtn_1" time="0.921"/>
  <testcase classname="Test_Cases.Finding_Hospitals" name="ClickDemoBtn" time="0.111"/>
  <testcase classname="Test_Cases.Finding_Hospitals" name="ClearingData" time="0.262"/>
  <testcase classname="Test_Cases.Finding_Hospitals" name="verifyDemoBtn_2" time="2.141"/>
  <testcase classname="Test_Cases.Finding_Hospitals" name="Verify_ResultMsg" time="8.869"/>
</testsuite> <!-- Test_Cases.Finding_Hospitals -->
